{
  "0 debug pnpm:scope": {
    "selected": 2,
    "total": 2,
    "workspacePrefix": "/home/tusimple/Documents/wksp/grpc-web-protojs-transformer"
  },
  "1 debug pnpm:package-manifest": {
    "initial": {
      "name": "grpc-client",
      "version": "0.0.0",
      "scripts": {
        "dev": "vite",
        "build": "vue-tsc --noEmit && vite build",
        "serve": "vite preview"
      },
      "dependencies": {
        "google-protobuf": "^3.19.1",
        "grpc-web": "file:./grpc-web-self",
        "lodash-es": "^4.17.21",
        "vue": "^3.2.16"
      },
      "devDependencies": {
        "@babel/core": "^7.16.0",
        "@originjs/vite-plugin-commonjs": "^1.0.1",
        "@types/google-protobuf": "^3.15.5",
        "@types/lodash-es": "^4.17.5",
        "@vitejs/plugin-vue": "^1.9.3",
        "babel-plugin-transform-commonjs": "^1.1.6",
        "typescript": "^4.4.3",
        "vite": "^2.6.4",
        "vue-tsc": "^0.3.0"
      }
    },
    "prefix": "/home/tusimple/Documents/wksp/grpc-web-protojs-transformer/example"
  },
  "2 debug pnpm:package-manifest": {
    "initial": {
      "name": "pbjs-value-type-transfer",
      "version": "1.0.0",
      "description": "",
      "main": "index.js",
      "scripts": {
        "test": "echo \"Error: no test specified\" && exit 1"
      },
      "keywords": [],
      "author": "",
      "license": "ISC",
      "devDependencies": {
        "@babel/core": "^7.16.0",
        "babel-plugin-transform-commonjs": "^1.1.6",
        "gogocode": "^1.0.40"
      }
    },
    "prefix": "/home/tusimple/Documents/wksp/grpc-web-protojs-transformer/value-type-transfer"
  },
  "3 debug pnpm:context": {
    "currentLockfileExists": true,
    "storeDir": "/home/tusimple/.pnpm-store/v3",
    "virtualStoreDir": "/home/tusimple/Documents/wksp/grpc-web-protojs-transformer/node_modules/.pnpm"
  },
  "4 debug pnpm:stage": {
    "prefix": "/home/tusimple/Documents/wksp/grpc-web-protojs-transformer",
    "stage": "resolution_started"
  },
  "5 debug pnpm:_dependency_resolved": {
    "resolution": "registry.npmmirror.com/@babel/core/7.16.0",
    "wanted": {
      "dependentId": "example",
      "name": "@babel/core",
      "rawSpec": "^7.16.0"
    }
  },
  "6 debug pnpm:_dependency_resolved": {
    "resolution": "registry.npmmirror.com/@originjs/vite-plugin-commonjs/1.0.1",
    "wanted": {
      "dependentId": "example",
      "name": "@originjs/vite-plugin-commonjs",
      "rawSpec": "^1.0.1"
    }
  },
  "7 debug pnpm:_dependency_resolved": {
    "resolution": "registry.npmmirror.com/@types/google-protobuf/3.15.5",
    "wanted": {
      "dependentId": "example",
      "name": "@types/google-protobuf",
      "rawSpec": "^3.15.5"
    }
  },
  "8 debug pnpm:_dependency_resolved": {
    "resolution": "registry.npmmirror.com/@types/lodash-es/4.17.5",
    "wanted": {
      "dependentId": "example",
      "name": "@types/lodash-es",
      "rawSpec": "^4.17.5"
    }
  },
  "9 debug pnpm:_dependency_resolved": {
    "resolution": "registry.npmmirror.com/@vitejs/plugin-vue/1.10.1",
    "wanted": {
      "dependentId": "example",
      "name": "@vitejs/plugin-vue",
      "rawSpec": "^1.9.3"
    }
  },
  "10 debug pnpm:_dependency_resolved": {
    "resolution": "registry.npmmirror.com/babel-plugin-transform-commonjs/1.1.6",
    "wanted": {
      "dependentId": "example",
      "name": "babel-plugin-transform-commonjs",
      "rawSpec": "^1.1.6"
    }
  },
  "11 debug pnpm:_dependency_resolved": {
    "resolution": "registry.npmmirror.com/typescript/4.5.2",
    "wanted": {
      "dependentId": "example",
      "name": "typescript",
      "rawSpec": "^4.4.3"
    }
  },
  "12 debug pnpm:_dependency_resolved": {
    "resolution": "registry.npmmirror.com/vite/2.6.14",
    "wanted": {
      "dependentId": "example",
      "name": "vite",
      "rawSpec": "^2.6.4"
    }
  },
  "13 debug pnpm:_dependency_resolved": {
    "resolution": "registry.npmmirror.com/vue-tsc/0.3.0",
    "wanted": {
      "dependentId": "example",
      "name": "vue-tsc",
      "rawSpec": "^0.3.0"
    }
  },
  "14 debug pnpm:_dependency_resolved": {
    "resolution": "registry.npmmirror.com/google-protobuf/3.19.1",
    "wanted": {
      "dependentId": "example",
      "name": "google-protobuf",
      "rawSpec": "^3.19.1"
    }
  },
  "15 debug pnpm:_dependency_resolved": {
    "resolution": "registry.nlark.com/lodash-es/4.17.21",
    "wanted": {
      "dependentId": "example",
      "name": "lodash-es",
      "rawSpec": "^4.17.21"
    }
  },
  "16 debug pnpm:_dependency_resolved": {
    "resolution": "registry.npmmirror.com/vue/3.2.24",
    "wanted": {
      "dependentId": "example",
      "name": "vue",
      "rawSpec": "^3.2.16"
    }
  },
  "17 debug pnpm:_dependency_resolved": {
    "resolution": "registry.npmmirror.com/@babel/core/7.16.0",
    "wanted": {
      "dependentId": "value-type-transfer",
      "name": "@babel/core",
      "rawSpec": "^7.16.0"
    }
  },
  "18 debug pnpm:_dependency_resolved": {
    "resolution": "registry.npmmirror.com/babel-plugin-transform-commonjs/1.1.6",
    "wanted": {
      "dependentId": "value-type-transfer",
      "name": "babel-plugin-transform-commonjs",
      "rawSpec": "^1.1.6"
    }
  },
  "19 debug pnpm:_dependency_resolved": {
    "resolution": "registry.npmmirror.com/gogocode/1.0.40",
    "wanted": {
      "dependentId": "value-type-transfer",
      "name": "gogocode",
      "rawSpec": "^1.0.40"
    }
  },
  "20 error pnpm": {
    "code": "ERR_PNPM_LINKED_PKG_DIR_NOT_FOUND",
    "pkgsStack": [],
    "err": {
      "name": "pnpm",
      "message": "Could not install from \"/home/tusimple/Documents/wksp/grpc-web-protojs-transformer/example/grpc-web-self\" as it does not exist.",
      "code": "ERR_PNPM_LINKED_PKG_DIR_NOT_FOUND",
      "stack": "pnpm: Could not install from \"/home/tusimple/Documents/wksp/grpc-web-protojs-transformer/example/grpc-web-self\" as it does not exist.\n    at Object.resolveLocal [as default] (/home/tusimple/.nvm/versions/node/v14.17.0/pnpm-global/5/node_modules/.pnpm/pnpm@6.16.0/node_modules/pnpm/dist/pnpm.cjs:84346:17)\n    at async Object.resolve (/home/tusimple/.nvm/versions/node/v14.17.0/pnpm-global/5/node_modules/.pnpm/pnpm@6.16.0/node_modules/pnpm/dist/pnpm.cjs:85199:309)\n    at async run (/home/tusimple/.nvm/versions/node/v14.17.0/pnpm-global/5/node_modules/.pnpm/pnpm@6.16.0/node_modules/pnpm/dist/pnpm.cjs:71141:23)"
    }
  }
}